2025-04-28 14:16:05 - KafkaConfig - INFO - Initialized KafkaConfig with bootstrap_servers=localhost:9092
2025-04-28 14:16:05 - SparkRowSerializer - INFO - SparkRowSerializer initialized
2025-04-28 14:16:05 - SparkRowProducer - INFO - SparkRowProducer initialized with config: {'bootstrap.servers': 'localhost:9092', 'client.id': 'spark-producer-e6f336c5-d7f3-4184-a05c-5add88d72c7c'}
2025-04-28 14:16:05 - SparkRowProducer - INFO - Sending DataFrame rows one by one to topic 'image_embedding_requests'
2025-04-28 14:16:10 - SparkRowProducer - INFO - Processing 4 rows from DataFrame
2025-04-28 14:16:10 - SparkRowProducer - INFO - Sending PySpark Row to topic 'image_embedding_requests'
2025-04-28 14:16:10 - SparkRowProducer - ERROR - Error producing Row message: Headers are expected to be a list of (key, value) tuples
2025-04-28 14:16:10 - SparkRowProducer - ERROR - Error sending row 0: Headers are expected to be a list of (key, value) tuples
2025-04-28 14:16:10 - py4j.clientserver - INFO - Closing down clientserver connection
2025-04-28 14:19:09 - KafkaConfig - INFO - Initialized KafkaConfig with bootstrap_servers=localhost:9092
2025-04-28 14:19:09 - SparkRowSerializer - INFO - SparkRowSerializer initialized
2025-04-28 14:19:09 - SparkRowProducer - INFO - SparkRowProducer initialized with config: {'bootstrap.servers': 'localhost:9092', 'client.id': 'spark-producer-15a3ae06-1a46-45c5-bb7b-2d71667f6c09'}
2025-04-28 14:19:10 - SparkRowProducer - INFO - Sending DataFrame rows one by one to topic 'image_embedding_requests'
2025-04-28 14:19:14 - SparkRowProducer - INFO - Processing 4 rows from DataFrame
2025-04-28 14:19:14 - SparkRowProducer - INFO - Sending PySpark Row to topic 'image_embedding_requests'
2025-04-28 14:19:14 - SparkRowProducer - ERROR - Error producing Row message: Headers are expected to be a list of (key, value) tuples
2025-04-28 14:19:14 - SparkRowProducer - ERROR - Error sending row 0: Headers are expected to be a list of (key, value) tuples
2025-04-28 14:19:14 - py4j.clientserver - INFO - Closing down clientserver connection
2025-04-28 14:20:01 - KafkaConfig - INFO - Initialized KafkaConfig with bootstrap_servers=localhost:9092
2025-04-28 14:20:01 - SparkRowSerializer - INFO - SparkRowSerializer initialized
2025-04-28 14:20:01 - SparkRowProducer - INFO - SparkRowProducer initialized with config: {'bootstrap.servers': 'localhost:9092', 'client.id': 'spark-producer-46329255-5adc-4c9b-b0f3-1282ef6f0f44'}
2025-04-28 14:20:01 - SparkRowProducer - INFO - Sending DataFrame rows one by one to topic 'image_embedding_requests'
2025-04-28 14:20:06 - SparkRowProducer - INFO - Processing 4 rows from DataFrame
2025-04-28 14:20:06 - SparkRowProducer - INFO - Sending PySpark Row to topic 'image_embedding_requests'
2025-04-28 14:20:06 - SparkRowProducer - ERROR - Error producing Row message: KafkaError{code=MSG_SIZE_TOO_LARGE,val=10,str="Unable to produce message: Broker: Message size too large"}
2025-04-28 14:20:06 - SparkRowProducer - ERROR - Error sending row 0: KafkaError{code=MSG_SIZE_TOO_LARGE,val=10,str="Unable to produce message: Broker: Message size too large"}
2025-04-28 14:20:06 - py4j.clientserver - INFO - Closing down clientserver connection
2025-04-28 14:20:48 - KafkaConfig - INFO - Initialized KafkaConfig with bootstrap_servers=localhost:9092
2025-04-28 14:20:48 - SparkRowSerializer - INFO - SparkRowSerializer initialized
2025-04-28 14:20:48 - SparkRowProducer - INFO - SparkRowProducer initialized with config: {'bootstrap.servers': 'localhost:9092', 'client.id': 'spark-producer-e3f04f86-52a0-4825-894f-d26edb4f8960'}
2025-04-28 14:20:48 - SparkRowProducer - INFO - Sending DataFrame rows one by one to topic 'image_embedding_requests'
2025-04-28 14:20:53 - SparkRowProducer - INFO - Processing 4 rows from DataFrame
2025-04-28 14:20:53 - SparkRowProducer - INFO - Sending PySpark Row to topic 'image_embedding_requests'
2025-04-28 14:20:53 - SparkRowProducer - ERROR - Error producing Row message: KafkaError{code=MSG_SIZE_TOO_LARGE,val=10,str="Unable to produce message: Broker: Message size too large"}
2025-04-28 14:20:53 - SparkRowProducer - ERROR - Error sending row 0: KafkaError{code=MSG_SIZE_TOO_LARGE,val=10,str="Unable to produce message: Broker: Message size too large"}
2025-04-28 14:20:53 - py4j.clientserver - INFO - Closing down clientserver connection
2025-04-28 14:21:12 - KafkaConfig - INFO - Initialized KafkaConfig with bootstrap_servers=localhost:9092
2025-04-28 14:21:12 - SparkRowSerializer - INFO - SparkRowSerializer initialized
2025-04-28 14:21:12 - SparkRowProducer - INFO - SparkRowProducer initialized with config: {'bootstrap.servers': 'localhost:9092', 'client.id': 'spark-producer-6a5a74f6-e36e-4d44-b1a9-0b87dfd0ccf6'}
2025-04-28 14:21:12 - SparkRowProducer - INFO - Sending DataFrame rows one by one to topic 'image_embedding_requests'
2025-04-28 14:21:17 - SparkRowProducer - INFO - Processing 4 rows from DataFrame
2025-04-28 14:21:17 - SparkRowProducer - INFO - Sending PySpark Row to topic 'image_embedding_requests'
2025-04-28 14:21:18 - SparkRowProducer - ERROR - Error producing Row message: KafkaError{code=MSG_SIZE_TOO_LARGE,val=10,str="Unable to produce message: Broker: Message size too large"}
2025-04-28 14:21:18 - SparkRowProducer - ERROR - Error sending row 0: KafkaError{code=MSG_SIZE_TOO_LARGE,val=10,str="Unable to produce message: Broker: Message size too large"}
2025-04-28 14:21:18 - py4j.clientserver - INFO - Closing down clientserver connection
2025-04-28 14:26:14 - KafkaConfig - INFO - Initialized KafkaConfig with bootstrap_servers=localhost:9092
2025-04-28 14:26:14 - SparkRowSerializer - INFO - SparkRowSerializer initialized
2025-04-28 14:26:14 - SparkRowProducer - INFO - SparkRowProducer initialized with config: {'bootstrap.servers': 'localhost:9092', 'client.id': 'spark-producer-1e20756e-daf1-4bf5-8e1b-e2bf6e14a8f7'}
2025-04-28 14:26:14 - SparkRowProducer - INFO - Sending DataFrame rows one by one to topic 'image_embedding_requests'
2025-04-28 14:26:19 - SparkRowProducer - INFO - Processing 4 rows from DataFrame
2025-04-28 14:26:19 - SparkRowProducer - INFO - Sending PySpark Row to topic 'image_embedding_requests'
2025-04-28 14:26:19 - SparkRowProducer - ERROR - Error producing Row message: KafkaError{code=MSG_SIZE_TOO_LARGE,val=10,str="Unable to produce message: Broker: Message size too large"}
2025-04-28 14:26:19 - SparkRowProducer - ERROR - Error sending row 0: KafkaError{code=MSG_SIZE_TOO_LARGE,val=10,str="Unable to produce message: Broker: Message size too large"}
2025-04-28 14:26:19 - py4j.clientserver - INFO - Closing down clientserver connection
2025-04-28 14:45:35 - KafkaConfig - INFO - Initialized KafkaConfig with bootstrap_servers=localhost:9092
2025-04-28 14:45:36 - SparkRowSerializer - INFO - SparkRowSerializer initialized
2025-04-28 14:45:36 - SparkRowProducer - INFO - SparkRowProducer initialized with config: {'bootstrap.servers': 'localhost:9092', 'client.id': 'spark-producer-c9b63df5-5667-4aa9-b094-7780278c10b5'}
2025-04-28 14:45:36 - SparkRowProducer - INFO - Sending DataFrame rows one by one to topic 'image_embedding_requests'
2025-04-28 14:45:42 - SparkRowProducer - INFO - Processing 5 rows from DataFrame
2025-04-28 14:45:42 - SparkRowProducer - INFO - Sending PySpark Row to topic 'image_embedding_requests'
2025-04-28 14:45:42 - SparkRowProducer - ERROR - Error producing Row message: KafkaError{code=MSG_SIZE_TOO_LARGE,val=10,str="Unable to produce message: Broker: Message size too large"}
2025-04-28 14:45:42 - SparkRowProducer - ERROR - Error sending row 0: KafkaError{code=MSG_SIZE_TOO_LARGE,val=10,str="Unable to produce message: Broker: Message size too large"}
2025-04-28 14:45:42 - py4j.clientserver - INFO - Closing down clientserver connection
2025-04-28 14:48:23 - KafkaConfig - INFO - Initialized KafkaConfig with bootstrap_servers=localhost:9092
2025-04-28 14:48:23 - SparkRowSerializer - INFO - SparkRowSerializer initialized
2025-04-28 14:48:23 - SparkRowConsumer - INFO - SparkRowConsumer initialized for topics: ['image_embedding_requests']
